\BOOKMARK [1][-]{section.1}{Einleitung}{}% 1
\BOOKMARK [1][-]{section.2}{Verhalten von Bienen und Varroamilben}{}% 2
\BOOKMARK [1][-]{section.3}{Vorbetrachtungen und Experimente}{}% 3
\BOOKMARK [2][-]{subsection.3.1}{Aufbaum\366glichkeiten der Varroaerkennung}{section.3}% 4
\BOOKMARK [2][-]{subsection.3.2}{Experimente zur Optimierung der Fotoqualit\344t}{section.3}% 5
\BOOKMARK [1][-]{section.4}{Entwicklung und Verbesserung verschiedener Prototypen}{}% 6
\BOOKMARK [2][-]{subsection.4.1}{Angewandte Arbeitsmethoden}{section.4}% 7
\BOOKMARK [2][-]{subsection.4.2}{Technische Grundlagen}{section.4}% 8
\BOOKMARK [2][-]{subsection.4.3}{Erster Prototypen}{section.4}% 9
\BOOKMARK [2][-]{subsection.4.4}{Zweiter Protoyp}{section.4}% 10
\BOOKMARK [2][-]{subsection.4.5}{Dritter Protoyp}{section.4}% 11
\BOOKMARK [1][-]{section.5}{Programmierung der Milbenerkennung}{}% 12
\BOOKMARK [2][-]{subsection.5.1}{Architektur der Milbenerkennung}{section.5}% 13
\BOOKMARK [2][-]{subsection.5.2}{Erstellung eines Modells zur Bienenerkennung}{section.5}% 14
\BOOKMARK [2][-]{subsection.5.3}{Implementierung der Videoverfolgung von Bienen}{section.5}% 15
\BOOKMARK [2][-]{subsection.5.4}{Erstellung eines Modells zur Varroaerkennung}{section.5}% 16
\BOOKMARK [2][-]{subsection.5.5}{Optimierung der Laufzeit}{section.5}% 17
\BOOKMARK [1][-]{section.6}{Fortsetzungsm\366glichkeiten}{}% 18
\BOOKMARK [1][-]{section.7}{Auswertung}{}% 19
\BOOKMARK [1][-]{section.8}{Anhang}{}% 20
\BOOKMARK [2][-]{subsection.8.1}{Zu Kapitel 3}{section.8}% 21
\BOOKMARK [2][-]{subsection.8.2}{Zu Kapitel 5}{section.8}% 22
\BOOKMARK [1][-]{section.9}{Literatur- und Quellenverzeichnis}{}% 23
\BOOKMARK [2][-]{subsection.9.1}{Gedruckte Literatur}{section.9}% 24
\BOOKMARK [2][-]{subsection.9.2}{Internetliteratur}{section.9}% 25
